0 0 1 0 0 0 0 0 0 0 0
0.10000000000000001 0 1 1.2159999999998976 0.030399999999997443 20 20 0 800 800 0
0.20000000000000001 0 1 3272.9770666666673 3.147093333333336 60 60 0 42400 42400 0
0.30000000000000004 0 1 6887.6288000008908 6.6227200000008635 140 140 0 125600 125600 0
0.40000000000000002 0 1 14249.347839999135 13.701295999999159 300 221 0 292000 209840 0
0.5 0 1 17492.93866666907 16.820133333335651 388 344 0 383520 337760 0
0.59999999999999998 0 1 95360.190293321939 91.692490666655871 632 584 15 637280 587360 15600
0.69999999999999996 0 1 103561.88543997788 99.578735999978889 1114 825 234 1138560 838000 243360
0.79999999999999993 0 1 8725.6610133217546 8.3900586666555146 1295 968 327 1326800 986720 340080
0.89999999999999991 0 1 318.4230400000211 0.30617600000002027 1345 1018 327 1378800 1038720 340080
0.99999999999999989 0 1 415.33440000002753 0.39936000000002647 1369 1042 327 1403760 1063680 340080
1.0999999999999999 0 1 13.844480000000917 0.013312000000000882 1403 1076 327 1439120 1099040 340080
1.2 0 1 140.31957333342706 0.13492266666675679 1452 1125 327 1490080 1150000 340080
1.3 0 1 114.00063999994811 0.1096159999999501 1500 1173 327 1540000 1199920 340080
1.4000000000000001 0 1 1046.2067200009499 1.0059680000009132 1602 1272 327 1646080 1302880 340080
1.5000000000000002 0 1 6585.2467199917883 6.3319679999921021 1755 1428 327 1805200 1465120 340080
1.6000000000000003 0 1 1883.9142399995033 1.8114559999995212 1927 1600 327 1984080 1644000 340080
1.7000000000000004 0 1 4090.6222933345512 3.9332906666678356 2110 1778 327 2174400 1829120 340080
1.8000000000000005 0 1 2584.2862933308456 2.4848906666642723 2305 1964 327 2377200 2022560 340080
1.9000000000000006 0 1 6564.7240533290769 6.3122346666625715 2493 2162 327 2572720 2228480 340080
2.0000000000000004 0 1 6480.148479998983 6.2309119999990177 2705 2378 327 2793200 2453120 340080
2.1000000000000005 0 1 8751.3642666670203 8.4147733333336667 2962 2618 327 3060480 2702720 340080
2.2000000000000006 0 1 8047.5643733308807 7.7380426666642927 3193 2851 327 3300720 2945040 340080
2.3000000000000007 0 1 19512.313599985719 18.761839999986307 3444 3092 327 3561760 3195680 340080
2.4000000000000008 0 1 34596.473599982077 33.265839999982887 3699 3332 327 3826960 3445280 340080
2.5000000000000009 0 1 50105.014613316416 48.177898666650471 3955 3573 327 4093200 3695920 340080
2.600000000000001 0 1 62247.011839982566 59.852895999983318 4207 3813 329 4355280 3945520 342160
2.7000000000000011 0 1 68907.188479979188 66.256911999980161 4461 4053 342 4619440 4195120 355680
2.8000000000000012 0 1 56196.36949329474 54.034970666629661 4682 4294 356 4849280 4445760 370240
2.9000000000000012 0 1 7805.3081599735788 7.5051039999745779 4838 4477 360 5011520 4636080 374400
3.0000000000000013 0 1 200.12373333244486 0.19242666666581237 4967 4607 360 5145680 4771280 374400
3.1000000000000014 0 1 251.77429333471522 0.24209066666799539 5052 4690 360 5234080 4857600 374400
3.2000000000000015 0 1 249.00650666546881 0.23942933333218153 5135 4775 360 5320400 4946000 374400
3.3000000000000016 0 1 277.10037333331894 0.26644266666665284 5242 4882 360 5431680 5057280 374400
3.4000000000000017 0 1 576.1988266657786 0.55403733333247951 5366 5006 360 5560640 5186240 374400
3.5000000000000018 0 1 1302.6180266665674 1.2525173333332373 5523 5163 360 5723920 5349520 374400
3.6000000000000019 0 1 686.23359999954005 0.659839999999558 5681 5321 360 5888240 5513840 374400
3.700000000000002 0 1 758.17386666674838 0.72901333333341189 5846 5486 360 6059840 5685440 374400
3.800000000000002 0 1 584.20266666647069 0.5617333333331449 6031 5670 360 6252240 5876800 374400
3.9000000000000021 0 1 1092.0776533333067 1.0500746666666441 6219 5858 360 6447760 6072320 374400
4.0000000000000018 0 1 1973.1656533331522 1.8972746666664952 6430 6069 360 6667200 6291760 374400
4.1000000000000014 0 1 2076.0230400378018 1.9961760000363498 6657 6297 360 6903280 6528880 374400
4.2000000000000011 0 1 3834.2220800426867 3.6867520000410399 6899 6530 360 7154960 6771200 374400
4.3000000000000007 0 1 8799.6258135958542 8.4611786669190749 7145 6771 360 7410800 7021840 374400
4.4000000000000004 0 1 23512.325546946351 22.60800533360225 7402 7011 360 7678080 7271440 374400
4.5 0 1 40214.636800265172 38.66792000025503 7657 7251 360 7943280 7521040 374400
4.5999999999999996 0 1 55576.080213583715 53.438538666907569 7913 7492 360 8209520 7771680 374400
4.6999999999999993 0 1 67648.821760268562 65.046944000257895 8165 7732 366 8471600 8021280 380640
4.7999999999999989 0 1 68973.543253670898 66.320714666991051 8411 7973 380 8727440 8271920 395200
4.8999999999999986 0 1 41454.821547303494 39.86040533394582 8607 8213 394 8931280 8521520 409760
4.9999999999999982 0 1 135.70474665210148 0.13048533331932835 8744 8348 394 9073760 8661920 409760
5.0999999999999979 0 1 622.28053334915433 0.59834666668187919 8828 8434 394 9161120 8751360 409760
5.1999999999999975 0 1 155.09589333317831 0.14913066666651761 8922 8528 394 9258880 8849120 409760
5.2999999999999972 0 1 304.00725333596449 0.29231466666919664 9031 8637 394 9372240 8962480 409760
5.3999999999999968 0 1 325.70581332634464 0.31317866665994676 9141 8746 394 9486640 9075840 409760
5.4999999999999964 0 1 914.66197334105641 0.87948266667409269 9280 8886 394 9631200 9221440 409760
5.5999999999999961 0 1 1499.5302400015676 1.4418560000015075 9432 9038 394 9789280 9379520 409760
5.6999999999999957 0 1 877.64906665516833 0.84389333332227723 9586 9187 394 9949440 9534480 409760
5.7999999999999954 0 1 1511.2614400845334 1.4531360000812794 9739 9344 394 10108560 9697760 409760
5.899999999999995 0 1 3612.3443200113038 3.4734080000108616 9921 9527 394 10297840 9888080 409760
5.9999999999999947 0 1 4620.3511466366235 4.4426453333044407 10146 9747 394 10531840 10116880 409760
6.0999999999999943 0 1 3932.8418133681648 3.7815786667001516 10351 9955 394 10745040 10333200 409760
6.199999999999994 0 1 4712.2538665952034 4.5310133332646156 10573 10168 394 10975920 10554720 409760
6.2999999999999936 0 1 7924.3063468235441 7.6195253334841784 10801 10399 394 11213040 10794960 409760
6.3999999999999932 0 1 13642.792106735806 13.118069333399848 11048 10640 394 11469920 11045600 409760
6.4999999999999929 0 1 22154.318506821503 21.30222933348222 11304 10880 394 11736160 11295200 409760
6.5999999999999925 0 1 37579.942400167914 36.13456000016145 11558 11121 394 12000320 11545840 409760
6.6999999999999922 0 1 53568.736000133977 51.508400000128532 11813 11361 394 12265520 11795440 409760
6.7999999999999918 0 1 67503.210666843443 64.906933333502977 12068 11601 399 12530720 12045040 414960
6.8999999999999915 0 1 67725.9093337386 65.121066667056212 12315 11842 414 12787600 12295680 430560
6.9999999999999911 0 1 30812.753921027012 29.627648000987516 12494 12072 422 12973760 12534880 438880
7.0999999999999908 0 1 460.85589333720543 0.44313066667038981 12666 12244 422 13152640 12713760 438880
7.1999999999999904 0 1 422.25664000063438 0.40601600000061 12779 12357 422 13270160 12831280 438880
7.2999999999999901 0 1 242.08981333527376 0.23277866666853247 12889 12467 422 13384560 12945680 438880
7.3999999999999897 0 1 453.35680000103923 0.43592000000099929 13028 12606 422 13529120 13090240 438880
7.4999999999999893 0 1 576.30975997164524 0.55414399997273578 13180 12756 422 13687200 13246240 438880
7.599999999999989 0 1 1296.8994133556146 1.2470186666880911 13345 12922 422 13858800 13418880 438880
7.6999999999999886 0 1 1738.1644800245879 1.6713120000236408 13518 13096 422 14038720 13599840 438880
7.7999999999999883 0 1 1432.3822933043937 1.37729066663884 13717 13293 422 14245680 13804720 438880
7.8999999999999879 0 1 740.01407999370963 0.71155199999395158 13913 13488 422 14449520 14007520 438880
7.9999999999999876 0 1 1302.4405333649743 1.2523466666970906 14123 13700 422 14667920 14228000 438880
8.0999999999999872 0 1 3442.4388266159935 3.3100373332846127 14360 13937 422 14914400 14474480 438880
8.1999999999999869 0 1 7141.2445864575693 6.8665813331322729 14607 14171 422 15171280 14717840 438880
8.2999999999999865 0 1 16205.174612910077 15.581898666259645 14855 14411 422 15429200 14967440 438880
8.3999999999999861 0 1 31033.766399429078 29.840159999451057 15113 14651 422 15697520 15217040 438880
8.4999999999999858 0 1 46302.341972868366 44.521482666219612 15365 14892 422 15959600 15467680 438880
8.5999999999999854 0 1 61471.188479513548 59.106911999532144 15620 15132 423 16224800 15717280 439920
8.6999999999999851 0 1 70345.677652971921 67.640074666318853 15875 15373 434 16490000 15967920 451360
8.7999999999999847 0 1 58163.040000071349 55.926000000068527 16083 15613 449 16706320 16217520 466960
8.8999999999999844 0 1 5514.4460800675251 5.3023520000649258 16240 15788 452 16869600 16399520 470080
8.999999999999984 0 1 80.471039999857226 0.077375999999862721 16356 15904 452 16990240 16520160 470080
9.0999999999999837 0 1 88.258559999841026 0.084863999999847145 16455 16003 452 17093200 16623120 470080
9.1999999999999833 0 1 238.41237332286425 0.22924266665660023 16562 16109 452 17204480 16733360 470080
9.2999999999999829 0 1 312.73770667227694 0.30070933333872779 16678 16225 452 17325120 16854000 470080
9.3999999999999826 0 1 791.10442665353844 0.76067733332070997 16811 16357 452 17463440 16991280 470080
9.4999999999999822 0 1 727.51189334562241 0.69953066667848307 16965 16513 452 17623600 17153520 470080
9.5999999999999819 0 1 1405.2369066329313 1.3511893333008955 17149 16693 452 17814960 17340720 470080
9.6999999999999815 0 1 715.61983996380968 0.68809599996520165 17322 16868 452 17994880 17522720 470080
9.7999999999999812 0 1 1986.4776533213358 1.9100746666551307 17528 17076 452 18209120 17739040 470080
9.8999999999999808 0 1 2327.6364799480602 2.2381119999500578 17747 17289 452 18436880 17960560 470080
9.9999999999999805 0 1 2774.8253866047103 2.6681013332737629 17965 17509 452 18663600 18189360 470080
10.09999999999998 0 1 4998.9943466383666 4.806725333306118 18201 17744 452 18909040 18433760 470080
10.19999999999998 0 1 10094.667093053949 9.7064106663980159 18451 17984 452 19169040 18683360 470080
10.299999999999979 0 1 23108.361812915591 22.219578666264972 18707 18225 452 19435280 18934000 470080
10.399999999999979 0 1 38907.914239605132 37.411455999620308 18961 18465 452 19699440 19183600 470080
10.499999999999979 0 1 53214.71445295398 51.167994666301773 19216 18706 452 19964640 19434240 470080
10.599999999999978 0 1 66515.737599646935 63.957439999660252 19471 18946 457 20229840 19683840 475280
10.699999999999978 0 1 69830.425599676484 67.144639999688792 19716 19186 470 20484640 19933440 488800
10.799999999999978 0 1 35301.931946356541 33.94416533303518 19900 19420 480 20676000 20176800 499200
10.899999999999977 0 1 652.28800001654236 0.62720000001590615 20069 19579 480 20851760 20342160 499200
10.999999999999977 0 1 496.54314664704378 0.4774453333144652 20181 19701 480 20968240 20469040 499200
11.099999999999977 0 1 244.43050666707026 0.23502933333372139 20302 19822 480 21094080 20594880 499200
11.199999999999976 0 1 405.40586666163136 0.38981333332849172 20444 19963 480 21241760 20741520 499200
11.299999999999976 0 1 572.58239998334295 0.55055999998398364 20589 20109 480 21392560 20893360 499200
11.399999999999975 0 1 1053.6836266420246 1.0131573333096391 20748 20268 480 21557920 21058720 499200
11.499999999999975 0 1 1002.3325866794544 0.96378133334562921 20934 20447 480 21751360 21244880 499200
11.599999999999975 0 1 1225.430613304954 1.1782986666393789 21111 20629 480 21935440 21434160 499200
11.699999999999974 0 1 1733.2667733056942 1.6666026666400906 21310 20830 480 22142400 21643200 499200
11.799999999999974 0 1 5858.0842665232558 5.6327733331954404 21550 21069 480 22392000 21891760 499200
11.899999999999974 0 1 5986.140160019816 5.7559040000190569 21782 21287 480 22633280 22118480 499200
11.999999999999973 0 1 8048.956586631517 7.7393813332995363 22013 21523 480 22873520 22363920 499200
12.099999999999973 0 1 16705.389653179736 16.062874666518926 22264 21764 480 23134560 22614560 499200
12.199999999999973 0 1 29928.881493048175 28.777770666392538 22520 22004 480 23400800 22864160 499200
12.299999999999972 0 1 44944.795306393113 43.216149333070298 22774 22244 480 23664960 23113760 499200
12.399999999999972 0 1 56160.515839728352 54.000495999738561 23026 22485 480 23927040 23364400 499200
12.499999999999972 0 1 67272.979626368178 64.685557333046049 23279 22725 488 24190160 23614000 507520
12.599999999999971 0 1 60380.220159427656 58.057903999449778 23503 22966 502 24423120 23864640 522080
12.699999999999971 0 1 12259.680852850799 11.788154666202704 23682 23175 507 24609280 24082000 527280
12.799999999999971 0 1 1256.3865599976327 1.2080639999977236 23840 23333 507 24773600 24246320 527280
12.89999999999997 0 1 202.13162667255986 0.19435733333899988 23962 23454 507 24900480 24372160 527280
12.99999999999997 0 1 591.34677332117246 0.5686026666549735 24084 23577 507 25027360 24500080 527280
13.099999999999969 0 1 859.26741332914548 0.82621866666263988 24222 23715 507 25170880 24643600 527280
13.199999999999969 0 1 1265.2390400440911 1.2165760000423951 24391 23879 507 25346640 24814160 527280
13.299999999999969 0 1 701.85855998067802 0.67486399998142121 24547 24037 507 25508880 24978480 527280
13.399999999999968 0 1 1459.8993066577714 1.4037493333247801 24729 24221 507 25698160 25169840 527280
13.499999999999968 0 1 2115.0715733306133 2.0337226666640511 24934 24426 507 25911360 25383040 527280
13.599999999999968 0 1 2031.1837866787641 1.9530613333449656 25149 24639 507 26134960 25604560 527280
13.699999999999967 0 1 3855.4380799848536 3.7071519999854408 25371 24862 507 26365840 25836480 527280
13.799999999999967 0 1 4123.2089599405772 3.9646239999428587 25611 25095 507 26615440 26078800 527280
13.899999999999967 0 1 14676.934826627452 14.112437333295627 25860 25335 507 26874400 26328400 527280
13.999999999999966 0 1 24784.85290648149 23.831589333155293 26115 25576 507 27139600 26579040 527280
14.099999999999966 0 1 40605.970773164554 39.044202666504418 26369 25816 507 27403760 26828640 527280
14.199999999999966 0 1 54428.3029331543 52.334906666494334 26622 26057 507 27666880 27079280 527280
14.299999999999965 0 1 66394.443093112655 63.840810666454409 26875 26297 512 27930000 27328880 532480
14.399999999999965 0 1 67965.480959578112 65.351423999594459 27123 26537 526 28187920 27578480 547040
14.499999999999964 0 1 28252.540158769276 27.16590399881661 27314 26777 536 28386560 27828080 557440
14.599999999999964 0 1 244.25301331622452 0.23485866665021587 27450 26914 536 28528000 27970560 557440
14.699999999999964 0 1 495.10101332265356 0.47605866665639762 27564 27028 536 28646560 28089120 557440
14.799999999999963 0 1 213.06965333341387 0.20487466666674409 27661 27125 536 28747440 28190000 557440
14.899999999999963 0 1 360.88277332446512 0.3470026666581395 27797 27261 536 28888880 28331440 557440
14.999999999999963 0 1 525.43573333299389 0.50522666666634031 27933 27397 536 29030320 28472880 557440
15.099999999999962 0 1 593.6708267352152 0.57083733339924536 28076 27536 536 29179040 28617440 557440
15.199999999999962 0 1 1716.7709865964259 1.6507413332657941 28244 27707 536 29353760 28795280 557440
15.299999999999962 0 1 1699.321173324633 1.6339626666583009 28429 27892 536 29546160 28987680 557440
15.399999999999961 0 1 2017.145173341514 1.9395626666745327 28620 28082 536 29744800 29185280 557440
15.499999999999961 0 1 2793.2680533121079 2.6858346666462567 28823 28286 536 29955920 29397440 557440
15.599999999999961 0 1 3391.5315201097123 3.2610880001054925 29064 28519 536 30206560 29639760 557440
15.69999999999996 0 1 4989.1656532122552 4.7972746665502433 29291 28749 536 30442640 29878960 557440
15.79999999999996 0 1 6664.9911464694478 6.4086453331436974 29538 28990 536 30699520 30129600 557440
15.899999999999959 0 1 20327.490559974391 19.5456639999753 29794 29230 536 30965760 30379200 557440
15.999999999999959 0 1 37171.596800013489 35.741920000013074 30051 29470 536 31233040 30628800 557440
16.099999999999959 0 1 51828.269653796473 49.834874667111976 30304 29711 536 31496160 30879440 557440
16.19999999999996 0 1 64880.85760108992 62.38544000104806 30556 29951 539 31758240 31129040 560560
16.299999999999962 0 1 69393.486934235611 66.724506667534285 30810 30192 553 32022400 31379680 575120
16.399999999999963 0 1 40648.624640146183 39.085216000140633 31009 30432 565 32229360 31629280 587600
16.499999999999964 0 1 1447.5857066726512 1.3919093333390877 31162 30595 567 32388480 31798800 589680
16.599999999999966 0 1 339.18976000198967 0.32614400000191318 31289 30722 567 32520560 31930880 589680
16.699999999999967 0 1 171.74698666516161 0.16514133333188616 31389 30822 567 32624560 32034880 589680
16.799999999999969 0 1 235.66122667668827 0.2265973333429695 31504 30936 567 32744160 32153440 589680
16.89999999999997 0 1 380.06314653705459 0.36544533320870631 31634 31067 567 32879360 32289680 589680
16.999999999999972 0 1 659.15477334115087 0.6338026666741835 31790 31223 567 33041600 32451920 589680
17.099999999999973 0 1 713.844906885417 0.68638933354367015 31963 31396 567 33221520 32631840 589680
17.199999999999974 0 1 836.8034133319577 0.80461866666534398 32155 31587 567 33421200 32830480 589680
17.299999999999976 0 1 771.86304003502403 0.7421760000336769 32346 31775 567 33619840 33026000 589680
17.399999999999977 0 1 1866.6419199189183 1.7948479999220368 32547 31980 567 33828880 33239200 589680
17.499999999999979 0 1 2593.2940800196948 2.4935520000189371 32768 32200 567 34058720 33468000 589680
17.59999999999998 0 1 5132.7910401384079 4.9353760001330835 33004 32436 567 34304160 33713440 589680
17.699999999999982 0 1 8029.7540268101329 7.7209173334712808 33258 32676 567 34568320 33963040 589680
17.799999999999983 0 1 19059.5281076512 18.326469334279938 33510 32916 567 34830400 34212640 589680
17.899999999999984 0 1 34658.956801014327 33.325920000975366 33764 33157 567 35094560 34463280 589680
17.999999999999986 0 1 48485.737387636065 46.620901334265398 34017 33397 567 35357680 34712880 589680
18.099999999999987 0 1 63060.04224093417 60.634656000898339 34273 33638 569 35623920 34963520 591760
18.199999999999989 0 1 70769.531734245029 68.047626667543028 34527 33878 581 35888080 35213120 604240
18.29999999999999 0 1 43443.334827885708 41.772437334505568 34723 34118 593 36091920 35462720 616720
18.399999999999991 0 1 1254.7059201913462 1.2064480001839868 34889 34295 594 36264560 35646800 617760
18.499999999999993 0 1 431.77472000254465 0.4151680000024468 35003 34409 594 36383120 35765360 617760
18.599999999999994 0 1 227.51872000248414 0.21876800000238861 35115 34521 594 36499600 35881840 617760
18.699999999999996 0 1 426.66069332090859 0.41025066665471982 35252 34656 594 36642080 36022240 617760
18.799999999999997 0 1 349.68405334324831 0.33623466667620028 35380 34786 594 36775200 36157440 617760
18.899999999999999 0 1 500.27605332771685 0.48103466666126621 35519 34924 594 36919760 36300960 617760
19 0 1 1226.3569066718442 1.1791893333383119 35681 35087 594 37088240 36470480 617760
19.100000000000001 0 1 1547.2870399954595 1.4877759999956341 35876 35282 594 37291040 36673280 617760
19.200000000000003 0 1 2190.8889600071038 2.1066240000068306 36081 35487 594 37504240 36886480 617760
19.300000000000004 0 1 2941.9797338581311 2.8288266671712798 36295 35700 594 37726800 37108000 617760
19.400000000000006 0 1 2583.6872532522652 2.4843146665887166 36520 35918 594 37960800 37334720 617760
19.500000000000007 0 1 7057.1682137255566 6.7857386670438045 36753 36153 594 38203120 37579120 617760
19.600000000000009 0 1 12245.980586843329 11.774981333503202 37002 36393 594 38462080 37828720 617760
19.70000000000001 0 1 23925.801814058865 23.00557866736429 37258 36634 594 38728320 38079360 617760
19.800000000000011 0 1 38177.384960686461 36.709024000660101 37512 36874 594 38992480 38328960 617760
19.900000000000013 0 1 52688.280320661986 50.66180800063637 37765 37114 594 39255600 38578560 617760
20.000000000000014 0 1 66080.629334077224 63.53906666738196 38019 37355 599 39519760 38829200 622960
20.100000000000016 0 1 67781.908480912709 65.174912000877754 38273 37595 613 39783920 39078800 637520
20.200000000000017 0 1 35789.345282591516 34.412832002491889 38466 37835 624 39984640 39328400 648960
20.300000000000018 0 1 650.07488035368442 0.62507200034008115 38603 37978 625 40127120 39477120 650000
20.40000000000002 0 1 122.00448000043988 0.11731200000042297 38718 38093 625 40246720 39596720 650000
20.500000000000021 0 1 142.32746666505503 0.13685333333178368 38788 38163 625 40319520 39669520 650000
20.600000000000023 0 1 290.02965333498463 0.2788746666682545 38884 38259 625 40419360 39769360 650000
20.700000000000024 0 1 490.17002666633272 0.47131733333301223 38991 38366 625 40530640 39880640 650000
20.800000000000026 0 1 985.53173333244524 0.94762666666581274 39122 38497 625 40666880 40016880 650000
20.900000000000027 0 1 931.90656000324839 0.89606400000312336 39286 38661 625 40837440 40187440 650000
21.000000000000028 0 1 1093.3311999698035 1.051279999970965 39455 38829 625 41013200 40362160 650000
21.10000000000003 0 1 1243.9953065851535 1.1961493332549551 39637 39008 625 41202480 40548320 650000
21.200000000000031 0 1 1008.2231467049893 0.96944533337018202 39816 39188 625 41388640 40735520 650000
21.300000000000033 0 1 1539.3830401031303 1.4801760000991637 40008 39383 625 41588320 40938320 650000
21.400000000000034 0 1 4522.0142933160851 4.3480906666500818 40222 39596 625 41810880 41159840 650000
21.500000000000036 0 1 5637.8372266839951 5.4209973333499955 40452 39826 625 42050080 41399040 650000
21.600000000000037 0 1 7866.4823461747346 7.5639253328603209 40706 40065 625 42314240 41647600 650000
21.700000000000038 0 1 12205.395627414175 11.73595733405212 40948 40305 625 42565920 41897200 650000
21.80000000000004 0 1 25273.72501375205 24.301658667069194 41203 40546 625 42831120 42147840 650000
21.900000000000041 0 1 41939.87200033573 40.32680000032282 41458 40786 625 43096320 42397440 650000
22.000000000000043 0 1 57483.024213623867 55.272138666946155 41714 41027 625 43362560 42648080 650000
22.100000000000044 0 1 68631.896320598433 65.992208000575118 41968 41267 632 43626720 42897680 657280
22.200000000000045 0 1 67708.226561699354 65.104064001633901 42207 41507 647 43875280 43147280 672880
22.300000000000047 0 1 25441.217710143716 24.462709336676561 42394 41735 659 44069760 43384400 685360
22.400000000000048 0 1 122.8697600004278 0.11814400000041135 42545 41886 659 44226800 43541440 685360
22.50000000000005 0 1 83.932160000380179 0.080704000000365553 42640 41981 659 44325600 43640240 685360
22.600000000000051 0 1 188.13738666689818 0.18090133333355593 42741 42082 659 44430640 43745280 685360
22.700000000000053 0 1 194.42730667016414 0.18694933333669628 42848 42189 659 44541920 43856560 685360
22.800000000000054 0 1 465.7979733468627 0.44788266667967563 42975 42316 659 44674000 43988640 685360
22.900000000000055 0 1 791.64800013159334 0.76120000012653211 43118 42459 659 44822720 44137360 685360
23.000000000000057 0 1 1474.8642133519315 1.4181386666845495 43291 42632 659 45002640 44317280 685360
23.100000000000058 0 1 1234.0723198349417 1.1866079998412902 43459 42797 659 45177360 44488880 685360
23.20000000000006 0 1 1490.6944001740201 1.433360000167327 43639 42980 659 45364560 44679200 685360
23.300000000000061 0 1 1893.3879463358139 1.8205653330152056 43860 43195 659 45594400 44902800 685360
23.400000000000063 0 1 1653.261653527695 1.5896746668535529 44067 43406 659 45809680 45122240 685360
23.500000000000064 0 1 2669.6273067874349 2.5669493334494566 44297 43633 659 46048880 45358320 685360
23.600000000000065 0 1 3877.1255465209197 3.7280053331931922 44534 43867 659 46295360 45601680 685360
23.700000000000067 0 1 13830.213973625558 13.298282666947639 44782 44107 659 46553280 45851280 685360
23.800000000000068 0 1 25777.157119858941 24.785727999864381 45040 44347 659 46821600 46100880 685360
23.90000000000007 0 1 39607.942400295782 38.084560000284419 45291 44588 659 47082640 46351520 685360
24.000000000000071 0 1 54496.75434654078 52.400725333212215 45547 44828 659 47348880 46601120 685360
24.100000000000072 0 1 67850.370987041199 65.240741333693279 45801 45069 664 47613040 46851760 690560
24.200000000000074 0 1 68959.499094751736 66.307210668030535 46052 45309 682 47874080 47101360 709280
24.300000000000075 0 1 29155.531951975587 28.034165338438044 46246 45549 695 48075840 47350960 722800
24.400000000000077 0 1 170.88725352838352 0.16431466685421492 46374 45679 695 48208960 47486160 722800
24.500000000000078 0 1 52.04992000670569 0.050048000006447782 46437 45742 695 48274480 47551680 722800
24.60000000000008 0 1 160.98645334251728 0.15479466667549738 46496 45801 695 48335840 47613040 722800
24.700000000000081 0 1 248.75690666549065 0.23918933333220255 46570 45875 695 48412800 47690000 722800
24.800000000000082 0 1 270.38890659790593 0.25998933326721724 46646 45950 695 48491840 47768000 722800
24.900000000000084 0 1 629.9571199958076 0.60572799999596882 46756 46060 695 48606240 47882400 722800
